#-----------------------------------------------------------
# Vivado v2018.2 (64-bit)
# SW Build 2258646 on Thu Jun 14 20:03:12 MDT 2018
# IP Build 2256618 on Thu Jun 14 22:10:49 MDT 2018
# Start of session at: Mon Mar  9 15:52:56 2020
# Process ID: 25264
# Current directory: D:/Y1S2/EE2026/SoundDisplay
# Command line: vivado.exe -gui_launcher_event rodinguilauncherevent30080 D:\Y1S2\EE2026\SoundDisplay\SoundDisplay.xpr
# Log file: D:/Y1S2/EE2026/SoundDisplay/vivado.log
# Journal file: D:/Y1S2/EE2026/SoundDisplay\vivado.jou
#-----------------------------------------------------------
start_gui
open_project D:/Y1S2/EE2026/SoundDisplay/SoundDisplay.xpr
INFO: [Project 1-313] Project file moved from 'C:/Users/Christopher/Desktop/SoundDisplay' since last save.
Scanning sources...
Finished scanning sources
INFO: [IP_Flow 19-234] Refreshing IP repositories
INFO: [IP_Flow 19-1704] No user IP repositories specified
INFO: [IP_Flow 19-2313] Loaded Vivado IP repository 'C:/Xilinx/Vivado/2018.2/data/ip'.
update_compile_order -fileset sources_1
close [ open D:/Y1S2/EE2026/SoundDisplay/SoundDisplay.srcs/sources_1/new/clk6p25m.v w ]
add_files D:/Y1S2/EE2026/SoundDisplay/SoundDisplay.srcs/sources_1/new/clk6p25m.v
close [ open D:/Y1S2/EE2026/SoundDisplay/SoundDisplay.srcs/sources_1/new/clk3hz.v w ]
add_files D:/Y1S2/EE2026/SoundDisplay/SoundDisplay.srcs/sources_1/new/clk3hz.v
close [ open D:/Y1S2/EE2026/SoundDisplay/SoundDisplay.srcs/sources_1/new/single_dff.v w ]
add_files D:/Y1S2/EE2026/SoundDisplay/SoundDisplay.srcs/sources_1/new/single_dff.v
close [ open D:/Y1S2/EE2026/SoundDisplay/SoundDisplay.srcs/sources_1/new/reset.v w ]
add_files D:/Y1S2/EE2026/SoundDisplay/SoundDisplay.srcs/sources_1/new/reset.v
update_compile_order -fileset sources_1
update_compile_order -fileset sources_1
set_property top Top_Student [current_fileset]
update_compile_order -fileset sources_1
update_compile_order -fileset sources_1
launch_runs synth_1 -jobs 4
[Mon Mar  9 17:02:08 2020] Launched synth_1...
Run output will be captured here: D:/Y1S2/EE2026/SoundDisplay/SoundDisplay.runs/synth_1/runme.log
launch_runs impl_1 -jobs 4
[Mon Mar  9 17:03:52 2020] Launched impl_1...
Run output will be captured here: D:/Y1S2/EE2026/SoundDisplay/SoundDisplay.runs/impl_1/runme.log
launch_runs impl_1 -to_step write_bitstream -jobs 4
[Mon Mar  9 17:05:34 2020] Launched impl_1...
Run output will be captured here: D:/Y1S2/EE2026/SoundDisplay/SoundDisplay.runs/impl_1/runme.log
reset_run synth_1
launch_runs synth_1 -jobs 4
[Mon Mar  9 17:09:16 2020] Launched synth_1...
Run output will be captured here: D:/Y1S2/EE2026/SoundDisplay/SoundDisplay.runs/synth_1/runme.log
reset_run synth_1
launch_runs synth_1 -jobs 4
[Mon Mar  9 17:10:47 2020] Launched synth_1...
Run output will be captured here: D:/Y1S2/EE2026/SoundDisplay/SoundDisplay.runs/synth_1/runme.log
launch_runs impl_1 -jobs 4
[Mon Mar  9 17:11:50 2020] Launched impl_1...
Run output will be captured here: D:/Y1S2/EE2026/SoundDisplay/SoundDisplay.runs/impl_1/runme.log
update_compile_order -fileset sources_1
close [ open D:/Y1S2/EE2026/SoundDisplay/SoundDisplay.srcs/sources_1/new/clk20k.v w ]
add_files D:/Y1S2/EE2026/SoundDisplay/SoundDisplay.srcs/sources_1/new/clk20k.v
update_compile_order -fileset sources_1
update_compile_order -fileset sources_1
exit
INFO: [Common 17-206] Exiting Vivado at Mon Mar  9 18:05:56 2020...
