#-----------------------------------------------------------
# Vivado v2018.2 (64-bit)
# SW Build 2258646 on Thu Jun 14 20:03:12 MDT 2018
# IP Build 2256618 on Thu Jun 14 22:10:49 MDT 2018
# Start of session at: Sun Mar 15 20:43:59 2020
# Process ID: 9360
# Current directory: D:/Y1S2/EE2026/Project/SoundDisplay
# Command line: vivado.exe -gui_launcher_event rodinguilauncherevent14680 D:\Y1S2\EE2026\Project\SoundDisplay\SoundDisplay.xpr
# Log file: D:/Y1S2/EE2026/Project/SoundDisplay/vivado.log
# Journal file: D:/Y1S2/EE2026/Project/SoundDisplay\vivado.jou
#-----------------------------------------------------------
start_gui
open_project D:/Y1S2/EE2026/Project/SoundDisplay/SoundDisplay.xpr
INFO: [Project 1-313] Project file moved from 'D:/Y1S2/EE2026/SoundDisplay' since last save.
Scanning sources...
Finished scanning sources
INFO: [IP_Flow 19-234] Refreshing IP repositories
INFO: [IP_Flow 19-1704] No user IP repositories specified
INFO: [IP_Flow 19-2313] Loaded Vivado IP repository 'C:/Xilinx/Vivado/2018.2/data/ip'.
open_project: Time (s): cpu = 00:00:14 ; elapsed = 00:00:08 . Memory (MB): peak = 771.559 ; gain = 79.172
update_compile_order -fileset sources_1
exit
INFO: [Common 17-206] Exiting Vivado at Sun Mar 15 20:49:39 2020...
