
*** Running vivado
    with args -log Top_Student.vds -m64 -product Vivado -mode batch -messageDb vivado.pb -notrace -source Top_Student.tcl


****** Vivado v2018.2 (64-bit)
  **** SW Build 2258646 on Thu Jun 14 20:03:12 MDT 2018
  **** IP Build 2256618 on Thu Jun 14 22:10:49 MDT 2018
    ** Copyright 1986-2018 Xilinx, Inc. All Rights Reserved.

source Top_Student.tcl -notrace
Command: synth_design -top Top_Student -part xc7a35tcpg236-1
Starting synth_design
Attempting to get a license for feature 'Synthesis' and/or device 'xc7a35t'
INFO: [Common 17-349] Got license for feature 'Synthesis' and/or device 'xc7a35t'
INFO: Launching helper process for spawning children vivado processes
INFO: Helper process launched with PID 2960 
---------------------------------------------------------------------------------
Starting RTL Elaboration : Time (s): cpu = 00:00:02 ; elapsed = 00:00:02 . Memory (MB): peak = 356.004 ; gain = 99.051
---------------------------------------------------------------------------------
INFO: [Synth 8-6157] synthesizing module 'Top_Student' [D:/EE2026---PROJECT/SoundDisplay.srcs/sources_1/new/Top_Student.v:18]
INFO: [Synth 8-6157] synthesizing module 'clk20k' [D:/EE2026---PROJECT/SoundDisplay.srcs/sources_1/new/clk20k.v:23]
INFO: [Synth 8-6155] done synthesizing module 'clk20k' (1#1) [D:/EE2026---PROJECT/SoundDisplay.srcs/sources_1/new/clk20k.v:23]
INFO: [Synth 8-6157] synthesizing module 'clk6p25m' [D:/EE2026---PROJECT/SoundDisplay.srcs/sources_1/new/clk6p25m.v:23]
INFO: [Synth 8-6155] done synthesizing module 'clk6p25m' (2#1) [D:/EE2026---PROJECT/SoundDisplay.srcs/sources_1/new/clk6p25m.v:23]
INFO: [Synth 8-6157] synthesizing module 'reset' [D:/EE2026---PROJECT/SoundDisplay.srcs/sources_1/new/reset.v:23]
INFO: [Synth 8-6157] synthesizing module 'clk3hz' [D:/EE2026---PROJECT/SoundDisplay.srcs/sources_1/new/clk3hz.v:23]
INFO: [Synth 8-6155] done synthesizing module 'clk3hz' (3#1) [D:/EE2026---PROJECT/SoundDisplay.srcs/sources_1/new/clk3hz.v:23]
INFO: [Synth 8-6157] synthesizing module 'single_dff' [D:/EE2026---PROJECT/SoundDisplay.srcs/sources_1/new/single_dff.v:23]
INFO: [Synth 8-6155] done synthesizing module 'single_dff' (4#1) [D:/EE2026---PROJECT/SoundDisplay.srcs/sources_1/new/single_dff.v:23]
INFO: [Synth 8-6155] done synthesizing module 'reset' (5#1) [D:/EE2026---PROJECT/SoundDisplay.srcs/sources_1/new/reset.v:23]
INFO: [Synth 8-6157] synthesizing module 'Convert_mic_in' [D:/EE2026---PROJECT/SoundDisplay.srcs/sources_1/new/Convert_mic_in.v:23]
INFO: [Synth 8-6155] done synthesizing module 'Convert_mic_in' (6#1) [D:/EE2026---PROJECT/SoundDisplay.srcs/sources_1/new/Convert_mic_in.v:23]
INFO: [Synth 8-6157] synthesizing module 'Convert_max_mic' [D:/EE2026---PROJECT/SoundDisplay.srcs/sources_1/new/Convert_max_mic.v:23]
INFO: [Synth 8-6155] done synthesizing module 'Convert_max_mic' (7#1) [D:/EE2026---PROJECT/SoundDisplay.srcs/sources_1/new/Convert_max_mic.v:23]
INFO: [Synth 8-6157] synthesizing module 'Seg7_display' [D:/EE2026---PROJECT/SoundDisplay.srcs/sources_1/new/Seg7_display.v:23]
	Parameter num_0 bound to: 8'b00000011 
	Parameter num_1 bound to: 8'b10011111 
	Parameter num_2 bound to: 8'b00100101 
	Parameter num_3 bound to: 8'b00001101 
	Parameter num_4 bound to: 8'b10011001 
	Parameter num_5 bound to: 8'b01001001 
	Parameter num_6 bound to: 8'b01000001 
	Parameter num_7 bound to: 8'b00011111 
	Parameter num_8 bound to: 8'b00000001 
	Parameter num_9 bound to: 8'b00001001 
	Parameter char_H bound to: 8'b10010001 
	Parameter char_I bound to: 8'b11110011 
	Parameter char_L bound to: 8'b11100011 
	Parameter char_W bound to: 8'b10101011 
	Parameter char_M bound to: 8'b01010111 
	Parameter char_E bound to: 8'b01100001 
INFO: [Synth 8-6157] synthesizing module 'update_an' [D:/EE2026---PROJECT/SoundDisplay.srcs/sources_1/new/update_an.v:23]
INFO: [Synth 8-6155] done synthesizing module 'update_an' (8#1) [D:/EE2026---PROJECT/SoundDisplay.srcs/sources_1/new/update_an.v:23]
INFO: [Synth 8-6155] done synthesizing module 'Seg7_display' (9#1) [D:/EE2026---PROJECT/SoundDisplay.srcs/sources_1/new/Seg7_display.v:23]
WARNING: [Synth 8-689] width (27) of port connection 'fast_clock' does not match port width (17) of module 'Seg7_display' [D:/EE2026---PROJECT/SoundDisplay.srcs/sources_1/new/Top_Student.v:53]
INFO: [Synth 8-6157] synthesizing module 'LED_blink' [D:/EE2026---PROJECT/SoundDisplay.srcs/sources_1/new/LED_blink.v:23]
INFO: [Synth 8-6155] done synthesizing module 'LED_blink' (10#1) [D:/EE2026---PROJECT/SoundDisplay.srcs/sources_1/new/LED_blink.v:23]
INFO: [Synth 8-6157] synthesizing module 'Oled_Display' [D:/EE2026---PROJECT/SoundDisplay.srcs/sources_1/new/Oled_Display.v:36]
	Parameter Width bound to: 96 - type: integer 
	Parameter Height bound to: 64 - type: integer 
	Parameter PixelCount bound to: 6144 - type: integer 
	Parameter PixelCountWidth bound to: 13 - type: integer 
	Parameter ClkFreq bound to: 6250000 - type: integer 
	Parameter FrameFreq bound to: 60 - type: integer 
	Parameter FrameDiv bound to: 104166 - type: integer 
	Parameter FrameDivWidth bound to: 17 - type: integer 
	Parameter PowerDelay bound to: 20 - type: integer 
	Parameter ResetDelay bound to: 3 - type: integer 
	Parameter VccEnDelay bound to: 20 - type: integer 
	Parameter StartupCompleteDelay bound to: 100 - type: integer 
	Parameter MaxDelay bound to: 100 - type: integer 
	Parameter MaxDelayCount bound to: 625000 - type: integer 
	Parameter StateCount bound to: 32 - type: integer 
	Parameter StateWidth bound to: 5 - type: integer 
	Parameter PowerUp bound to: 5'b00000 
	Parameter Reset bound to: 5'b00001 
	Parameter ReleaseReset bound to: 5'b00011 
	Parameter EnableDriver bound to: 5'b00010 
	Parameter DisplayOff bound to: 5'b00110 
	Parameter SetRemapDisplayFormat bound to: 5'b00111 
	Parameter SetStartLine bound to: 5'b00101 
	Parameter SetOffset bound to: 5'b00100 
	Parameter SetNormalDisplay bound to: 5'b01100 
	Parameter SetMultiplexRatio bound to: 5'b01101 
	Parameter SetMasterConfiguration bound to: 5'b01111 
	Parameter DisablePowerSave bound to: 5'b01110 
	Parameter SetPhaseAdjust bound to: 5'b01010 
	Parameter SetDisplayClock bound to: 5'b01011 
	Parameter SetSecondPrechargeA bound to: 5'b01001 
	Parameter SetSecondPrechargeB bound to: 5'b01000 
	Parameter SetSecondPrechargeC bound to: 5'b11000 
	Parameter SetPrechargeLevel bound to: 5'b11001 
	Parameter SetVCOMH bound to: 5'b11011 
	Parameter SetMasterCurrent bound to: 5'b11010 
	Parameter SetContrastA bound to: 5'b11110 
	Parameter SetContrastB bound to: 5'b11111 
	Parameter SetContrastC bound to: 5'b11101 
	Parameter DisableScrolling bound to: 5'b11100 
	Parameter ClearScreen bound to: 5'b10100 
	Parameter VccEn bound to: 5'b10101 
	Parameter DisplayOn bound to: 5'b10111 
	Parameter PrepareNextFrame bound to: 5'b10110 
	Parameter SetColAddress bound to: 5'b10010 
	Parameter SetRowAddress bound to: 5'b10011 
	Parameter WaitNextFrame bound to: 5'b10001 
	Parameter SendPixel bound to: 5'b10000 
	Parameter SpiCommandMaxWidth bound to: 40 - type: integer 
	Parameter SpiCommandBitCountWidth bound to: 6 - type: integer 
INFO: [Synth 8-226] default block is never used [D:/EE2026---PROJECT/SoundDisplay.srcs/sources_1/new/Oled_Display.v:124]
INFO: [Synth 8-226] default block is never used [D:/EE2026---PROJECT/SoundDisplay.srcs/sources_1/new/Oled_Display.v:201]
WARNING: [Synth 8-693] zero replication count - replication ignored [D:/EE2026---PROJECT/SoundDisplay.srcs/sources_1/new/Oled_Display.v:349]
INFO: [Synth 8-6155] done synthesizing module 'Oled_Display' (11#1) [D:/EE2026---PROJECT/SoundDisplay.srcs/sources_1/new/Oled_Display.v:36]
INFO: [Synth 8-6157] synthesizing module 'Audio_Capture' [D:/EE2026---PROJECT/SoundDisplay.srcs/sources_1/new/Audio_Capture.v:25]
INFO: [Synth 8-6155] done synthesizing module 'Audio_Capture' (12#1) [D:/EE2026---PROJECT/SoundDisplay.srcs/sources_1/new/Audio_Capture.v:25]
WARNING: [Synth 8-3848] Net oled_data in module/entity Top_Student does not have driver. [D:/EE2026---PROJECT/SoundDisplay.srcs/sources_1/new/Top_Student.v:36]
INFO: [Synth 8-6155] done synthesizing module 'Top_Student' (13#1) [D:/EE2026---PROJECT/SoundDisplay.srcs/sources_1/new/Top_Student.v:18]
---------------------------------------------------------------------------------
Finished RTL Elaboration : Time (s): cpu = 00:00:03 ; elapsed = 00:00:04 . Memory (MB): peak = 411.320 ; gain = 154.367
---------------------------------------------------------------------------------

Report Check Netlist: 
+------+------------------+-------+---------+-------+------------------+
|      |Item              |Errors |Warnings |Status |Description       |
+------+------------------+-------+---------+-------+------------------+
|1     |multi_driven_nets |      0|        0|Passed |Multi driven nets |
+------+------------------+-------+---------+-------+------------------+
WARNING: [Synth 8-3295] tying undriven pin oled_display:pixel_data[15] to constant 0 [D:/EE2026---PROJECT/SoundDisplay.srcs/sources_1/new/Top_Student.v:57]
WARNING: [Synth 8-3295] tying undriven pin oled_display:pixel_data[14] to constant 0 [D:/EE2026---PROJECT/SoundDisplay.srcs/sources_1/new/Top_Student.v:57]
WARNING: [Synth 8-3295] tying undriven pin oled_display:pixel_data[13] to constant 0 [D:/EE2026---PROJECT/SoundDisplay.srcs/sources_1/new/Top_Student.v:57]
WARNING: [Synth 8-3295] tying undriven pin oled_display:pixel_data[12] to constant 0 [D:/EE2026---PROJECT/SoundDisplay.srcs/sources_1/new/Top_Student.v:57]
WARNING: [Synth 8-3295] tying undriven pin oled_display:pixel_data[11] to constant 0 [D:/EE2026---PROJECT/SoundDisplay.srcs/sources_1/new/Top_Student.v:57]
WARNING: [Synth 8-3295] tying undriven pin oled_display:pixel_data[10] to constant 0 [D:/EE2026---PROJECT/SoundDisplay.srcs/sources_1/new/Top_Student.v:57]
WARNING: [Synth 8-3295] tying undriven pin oled_display:pixel_data[9] to constant 0 [D:/EE2026---PROJECT/SoundDisplay.srcs/sources_1/new/Top_Student.v:57]
WARNING: [Synth 8-3295] tying undriven pin oled_display:pixel_data[8] to constant 0 [D:/EE2026---PROJECT/SoundDisplay.srcs/sources_1/new/Top_Student.v:57]
WARNING: [Synth 8-3295] tying undriven pin oled_display:pixel_data[7] to constant 0 [D:/EE2026---PROJECT/SoundDisplay.srcs/sources_1/new/Top_Student.v:57]
WARNING: [Synth 8-3295] tying undriven pin oled_display:pixel_data[6] to constant 0 [D:/EE2026---PROJECT/SoundDisplay.srcs/sources_1/new/Top_Student.v:57]
WARNING: [Synth 8-3295] tying undriven pin oled_display:pixel_data[5] to constant 0 [D:/EE2026---PROJECT/SoundDisplay.srcs/sources_1/new/Top_Student.v:57]
WARNING: [Synth 8-3295] tying undriven pin oled_display:pixel_data[4] to constant 0 [D:/EE2026---PROJECT/SoundDisplay.srcs/sources_1/new/Top_Student.v:57]
WARNING: [Synth 8-3295] tying undriven pin oled_display:pixel_data[3] to constant 0 [D:/EE2026---PROJECT/SoundDisplay.srcs/sources_1/new/Top_Student.v:57]
WARNING: [Synth 8-3295] tying undriven pin oled_display:pixel_data[2] to constant 0 [D:/EE2026---PROJECT/SoundDisplay.srcs/sources_1/new/Top_Student.v:57]
WARNING: [Synth 8-3295] tying undriven pin oled_display:pixel_data[1] to constant 0 [D:/EE2026---PROJECT/SoundDisplay.srcs/sources_1/new/Top_Student.v:57]
WARNING: [Synth 8-3295] tying undriven pin oled_display:pixel_data[0] to constant 0 [D:/EE2026---PROJECT/SoundDisplay.srcs/sources_1/new/Top_Student.v:57]
---------------------------------------------------------------------------------
Start Handling Custom Attributes
---------------------------------------------------------------------------------
---------------------------------------------------------------------------------
Finished Handling Custom Attributes : Time (s): cpu = 00:00:03 ; elapsed = 00:00:04 . Memory (MB): peak = 411.320 ; gain = 154.367
---------------------------------------------------------------------------------
---------------------------------------------------------------------------------
Finished RTL Optimization Phase 1 : Time (s): cpu = 00:00:03 ; elapsed = 00:00:04 . Memory (MB): peak = 411.320 ; gain = 154.367
---------------------------------------------------------------------------------
INFO: [Device 21-403] Loading part xc7a35tcpg236-1
INFO: [Project 1-570] Preparing netlist for logic optimization

Processing XDC Constraints
Initializing timing engine
Parsing XDC File [D:/EE2026---PROJECT/SoundDisplay.srcs/constrs_1/new/Basys3_Master.xdc]
Finished Parsing XDC File [D:/EE2026---PROJECT/SoundDisplay.srcs/constrs_1/new/Basys3_Master.xdc]
INFO: [Project 1-236] Implementation specific constraints were found while reading constraint file [D:/EE2026---PROJECT/SoundDisplay.srcs/constrs_1/new/Basys3_Master.xdc]. These constraints will be ignored for synthesis but will be used in implementation. Impacted constraints are listed in the file [.Xil/Top_Student_propImpl.xdc].
Resolution: To avoid this warning, move constraints listed in [.Xil/Top_Student_propImpl.xdc] to another XDC file and exclude this new file from synthesis with the used_in_synthesis property (File Properties dialog in GUI) and re-run elaboration/synthesis.
Completed Processing XDC Constraints

INFO: [Project 1-111] Unisim Transformation Summary:
No Unisim elements were transformed.

Constraint Validation Runtime : Time (s): cpu = 00:00:00 ; elapsed = 00:00:00.023 . Memory (MB): peak = 749.055 ; gain = 0.000
---------------------------------------------------------------------------------
Finished Constraint Validation : Time (s): cpu = 00:00:11 ; elapsed = 00:00:15 . Memory (MB): peak = 749.055 ; gain = 492.102
---------------------------------------------------------------------------------
---------------------------------------------------------------------------------
Start Loading Part and Timing Information
---------------------------------------------------------------------------------
Loading part: xc7a35tcpg236-1
---------------------------------------------------------------------------------
Finished Loading Part and Timing Information : Time (s): cpu = 00:00:11 ; elapsed = 00:00:15 . Memory (MB): peak = 749.055 ; gain = 492.102
---------------------------------------------------------------------------------
---------------------------------------------------------------------------------
Start Applying 'set_property' XDC Constraints
---------------------------------------------------------------------------------
---------------------------------------------------------------------------------
Finished applying 'set_property' XDC Constraints : Time (s): cpu = 00:00:12 ; elapsed = 00:00:15 . Memory (MB): peak = 749.055 ; gain = 492.102
---------------------------------------------------------------------------------
INFO: [Synth 8-5546] ROM "CLOCKOUT0" won't be mapped to RAM because it is too sparse
INFO: [Synth 8-5546] ROM "max_read" won't be mapped to RAM because it is too sparse
INFO: [Synth 8-5544] ROM "seg" won't be mapped to Block RAM because address size (4) smaller than threshold (5)
INFO: [Synth 8-5544] ROM "seg" won't be mapped to Block RAM because address size (4) smaller than threshold (5)
INFO: [Synth 8-802] inferred FSM for state register 'state_reg' in module 'Oled_Display'
INFO: [Synth 8-5546] ROM "fsm_next_state0" won't be mapped to RAM because it is too sparse
INFO: [Synth 8-5544] ROM "fsm_next_state0" won't be mapped to Block RAM because address size (1) smaller than threshold (5)
INFO: [Synth 8-5546] ROM "fsm_next_state0" won't be mapped to RAM because it is too sparse
---------------------------------------------------------------------------------------------------
                   State |                     New Encoding |                Previous Encoding 
---------------------------------------------------------------------------------------------------
                 PowerUp | 00000000100000000000000000000000 |                            00000
                   Reset | 00000000000100000000000000000000 |                            00001
            ReleaseReset | 00000000000000000000100000000000 |                            00011
            EnableDriver | 00000000000000000001000000000000 |                            00010
              DisplayOff | 00000000000000000100000000000000 |                            00110
   SetRemapDisplayFormat | 00000100000000000000000000000000 |                            00111
            SetStartLine | 00001000000000000000000000000000 |                            00101
               SetOffset | 10000000000000000000000000000000 |                            00100
        SetNormalDisplay | 00000000000000000000000010000000 |                            01100
       SetMultiplexRatio | 00000000000000000000000000100000 |                            01101
  SetMasterConfiguration | 00000000000000000000000001000000 |                            01111
        DisablePowerSave | 00000000000000000000000000000100 |                            01110
          SetPhaseAdjust | 00000000000000000000000000001000 |                            01010
         SetDisplayClock | 00000000001000000000000000000000 |                            01011
     SetSecondPrechargeA | 00000000010000000000000000000000 |                            01001
     SetSecondPrechargeB | 01000000000000000000000000000000 |                            01000
     SetSecondPrechargeC | 00000010000000000000000000000000 |                            11000
       SetPrechargeLevel | 00000001000000000000000000000000 |                            11001
                SetVCOMH | 00000000000000010000000000000000 |                            11011
        SetMasterCurrent | 00000000000000100000000000000000 |                            11010
            SetContrastA | 00000000000001000000000000000000 |                            11110
            SetContrastB | 00100000000000000000000000000000 |                            11111
            SetContrastC | 00000000000000000000000000000001 |                            11101
        DisableScrolling | 00000000000000000000000000000010 |                            11100
             ClearScreen | 00000000000000000000000000010000 |                            10100
                   VccEn | 00010000000000000000000000000000 |                            10101
               DisplayOn | 00000000000010000000000000000000 |                            10111
        PrepareNextFrame | 00000000000000001000000000000000 |                            10110
           SetColAddress | 00000000000000000000010000000000 |                            10010
           SetRowAddress | 00000000000000000000000100000000 |                            10011
           WaitNextFrame | 00000000000000000000001000000000 |                            10001
               SendPixel | 00000000000000000010000000000000 |                            10000
---------------------------------------------------------------------------------------------------
INFO: [Synth 8-3354] encoded FSM with state register 'state_reg' using encoding 'one-hot' in module 'Oled_Display'
---------------------------------------------------------------------------------
Finished RTL Optimization Phase 2 : Time (s): cpu = 00:00:12 ; elapsed = 00:00:16 . Memory (MB): peak = 749.055 ; gain = 492.102
---------------------------------------------------------------------------------

Report RTL Partitions: 
+-+--------------+------------+----------+
| |RTL Partition |Replication |Instances |
+-+--------------+------------+----------+
+-+--------------+------------+----------+
---------------------------------------------------------------------------------
Start RTL Component Statistics 
---------------------------------------------------------------------------------
Detailed RTL Component Info : 
+---Adders : 
	   2 Input     17 Bit       Adders := 1     
	   2 Input     12 Bit       Adders := 1     
	   2 Input      6 Bit       Adders := 1     
	   2 Input      3 Bit       Adders := 1     
+---Registers : 
	               40 Bit    Registers := 1     
	               17 Bit    Registers := 1     
	               16 Bit    Registers := 1     
	               12 Bit    Registers := 5     
	                8 Bit    Registers := 1     
	                6 Bit    Registers := 1     
	                5 Bit    Registers := 1     
	                4 Bit    Registers := 1     
	                3 Bit    Registers := 1     
	                2 Bit    Registers := 1     
	                1 Bit    Registers := 6     
+---Muxes : 
	   2 Input     40 Bit        Muxes := 3     
	  32 Input     32 Bit        Muxes := 1     
	   2 Input     32 Bit        Muxes := 2     
	  32 Input     20 Bit        Muxes := 1     
	   2 Input     17 Bit        Muxes := 1     
	  19 Input     16 Bit        Muxes := 1     
	  21 Input     16 Bit        Muxes := 1     
	  18 Input     16 Bit        Muxes := 1     
	   2 Input     12 Bit        Muxes := 2     
	   4 Input      8 Bit        Muxes := 11    
	   3 Input      8 Bit        Muxes := 2     
	   4 Input      7 Bit        Muxes := 4     
	  32 Input      6 Bit        Muxes := 1     
	   2 Input      6 Bit        Muxes := 1     
	  17 Input      5 Bit        Muxes := 1     
	   2 Input      5 Bit        Muxes := 2     
	  32 Input      5 Bit        Muxes := 2     
	   2 Input      4 Bit        Muxes := 4     
	   3 Input      2 Bit        Muxes := 1     
	   2 Input      1 Bit        Muxes := 25    
	  18 Input      1 Bit        Muxes := 1     
	   5 Input      1 Bit        Muxes := 1     
---------------------------------------------------------------------------------
Finished RTL Component Statistics 
---------------------------------------------------------------------------------
---------------------------------------------------------------------------------
Start RTL Hierarchical Component Statistics 
---------------------------------------------------------------------------------
Hierarchical RTL Component report 
Module Top_Student 
Detailed RTL Component Info : 
+---Registers : 
	                2 Bit    Registers := 1     
+---Muxes : 
	   3 Input      2 Bit        Muxes := 1     
Module clk20k 
Detailed RTL Component Info : 
+---Adders : 
	   2 Input     12 Bit       Adders := 1     
+---Registers : 
	               12 Bit    Registers := 1     
	                1 Bit    Registers := 1     
+---Muxes : 
	   2 Input     12 Bit        Muxes := 1     
	   2 Input      1 Bit        Muxes := 1     
Module clk6p25m 
Detailed RTL Component Info : 
+---Adders : 
	   2 Input      3 Bit       Adders := 1     
+---Registers : 
	                3 Bit    Registers := 1     
	                1 Bit    Registers := 1     
Module clk3hz 
Detailed RTL Component Info : 
+---Registers : 
	                1 Bit    Registers := 1     
Module single_dff 
Detailed RTL Component Info : 
+---Registers : 
	                1 Bit    Registers := 1     
Module Convert_mic_in 
Detailed RTL Component Info : 
+---Registers : 
	               12 Bit    Registers := 2     
+---Muxes : 
	   2 Input     12 Bit        Muxes := 1     
	   2 Input      1 Bit        Muxes := 2     
Module Convert_max_mic 
Detailed RTL Component Info : 
+---Registers : 
	                5 Bit    Registers := 1     
+---Muxes : 
	  17 Input      5 Bit        Muxes := 1     
	   2 Input      1 Bit        Muxes := 17    
Module update_an 
Detailed RTL Component Info : 
+---Muxes : 
	   2 Input      4 Bit        Muxes := 1     
Module Seg7_display 
Detailed RTL Component Info : 
+---Registers : 
	                8 Bit    Registers := 1     
	                4 Bit    Registers := 1     
+---Muxes : 
	   4 Input      8 Bit        Muxes := 11    
	   3 Input      8 Bit        Muxes := 2     
	   4 Input      7 Bit        Muxes := 4     
	   2 Input      4 Bit        Muxes := 3     
	   2 Input      1 Bit        Muxes := 3     
	  18 Input      1 Bit        Muxes := 1     
	   5 Input      1 Bit        Muxes := 1     
Module LED_blink 
Detailed RTL Component Info : 
+---Registers : 
	               16 Bit    Registers := 1     
+---Muxes : 
	  19 Input     16 Bit        Muxes := 1     
	  21 Input     16 Bit        Muxes := 1     
	  18 Input     16 Bit        Muxes := 1     
Module Oled_Display 
Detailed RTL Component Info : 
+---Adders : 
	   2 Input     17 Bit       Adders := 1     
	   2 Input      6 Bit       Adders := 1     
+---Registers : 
	               40 Bit    Registers := 1     
	               17 Bit    Registers := 1     
	                6 Bit    Registers := 1     
+---Muxes : 
	   2 Input     40 Bit        Muxes := 3     
	  32 Input     32 Bit        Muxes := 1     
	   2 Input     32 Bit        Muxes := 2     
	  32 Input     20 Bit        Muxes := 1     
	   2 Input     17 Bit        Muxes := 1     
	  32 Input      6 Bit        Muxes := 1     
	   2 Input      6 Bit        Muxes := 1     
	   2 Input      5 Bit        Muxes := 2     
	  32 Input      5 Bit        Muxes := 2     
	   2 Input      1 Bit        Muxes := 2     
Module Audio_Capture 
Detailed RTL Component Info : 
+---Registers : 
	               12 Bit    Registers := 2     
	                1 Bit    Registers := 1     
---------------------------------------------------------------------------------
Finished RTL Hierarchical Component Statistics
---------------------------------------------------------------------------------
---------------------------------------------------------------------------------
Start Part Resource Summary
---------------------------------------------------------------------------------
Part Resources:
DSPs: 90 (col length:60)
BRAMs: 100 (col length: RAMB18 60 RAMB36 30)
---------------------------------------------------------------------------------
Finished Part Resource Summary
---------------------------------------------------------------------------------
---------------------------------------------------------------------------------
Start Cross Boundary and Area Optimization
---------------------------------------------------------------------------------
Warning: Parallel synthesis criteria is not met 
INFO: [Synth 8-5546] ROM "max_read" won't be mapped to RAM because it is too sparse
INFO: [Synth 8-5546] ROM "fsm_next_state0" won't be mapped to RAM because it is too sparse
INFO: [Synth 8-5546] ROM "fsm_next_state0" won't be mapped to RAM because it is too sparse
INFO: [Synth 8-5546] ROM "nolabel_line48/CLOCKOUT0" won't be mapped to RAM because it is too sparse
INFO: [Synth 8-3333] propagating constant 1 across sequential element (\mode_display1/seg_reg[0] )
WARNING: [Synth 8-3332] Sequential element (mode_display1/seg_reg[0]) is unused and will be removed from module Top_Student.
---------------------------------------------------------------------------------
Finished Cross Boundary and Area Optimization : Time (s): cpu = 00:00:16 ; elapsed = 00:00:20 . Memory (MB): peak = 749.055 ; gain = 492.102
---------------------------------------------------------------------------------

Report RTL Partitions: 
+-+--------------+------------+----------+
| |RTL Partition |Replication |Instances |
+-+--------------+------------+----------+
+-+--------------+------------+----------+
---------------------------------------------------------------------------------
Start Applying XDC Timing Constraints
---------------------------------------------------------------------------------
---------------------------------------------------------------------------------
Finished Applying XDC Timing Constraints : Time (s): cpu = 00:00:24 ; elapsed = 00:00:29 . Memory (MB): peak = 749.055 ; gain = 492.102
---------------------------------------------------------------------------------
---------------------------------------------------------------------------------
Start Timing Optimization
---------------------------------------------------------------------------------
---------------------------------------------------------------------------------
Finished Timing Optimization : Time (s): cpu = 00:00:24 ; elapsed = 00:00:30 . Memory (MB): peak = 768.746 ; gain = 511.793
---------------------------------------------------------------------------------

Report RTL Partitions: 
+-+--------------+------------+----------+
| |RTL Partition |Replication |Instances |
+-+--------------+------------+----------+
+-+--------------+------------+----------+
---------------------------------------------------------------------------------
Start Technology Mapping
---------------------------------------------------------------------------------
---------------------------------------------------------------------------------
Finished Technology Mapping : Time (s): cpu = 00:00:25 ; elapsed = 00:00:30 . Memory (MB): peak = 779.449 ; gain = 522.496
---------------------------------------------------------------------------------

Report RTL Partitions: 
+-+--------------+------------+----------+
| |RTL Partition |Replication |Instances |
+-+--------------+------------+----------+
+-+--------------+------------+----------+
---------------------------------------------------------------------------------
Start IO Insertion
---------------------------------------------------------------------------------
---------------------------------------------------------------------------------
Start Flattening Before IO Insertion
---------------------------------------------------------------------------------
---------------------------------------------------------------------------------
Finished Flattening Before IO Insertion
---------------------------------------------------------------------------------
---------------------------------------------------------------------------------
Start Final Netlist Cleanup
---------------------------------------------------------------------------------
---------------------------------------------------------------------------------
Finished Final Netlist Cleanup
---------------------------------------------------------------------------------
---------------------------------------------------------------------------------
Finished IO Insertion : Time (s): cpu = 00:00:25 ; elapsed = 00:00:31 . Memory (MB): peak = 779.449 ; gain = 522.496
---------------------------------------------------------------------------------

Report Check Netlist: 
+------+------------------+-------+---------+-------+------------------+
|      |Item              |Errors |Warnings |Status |Description       |
+------+------------------+-------+---------+-------+------------------+
|1     |multi_driven_nets |      0|        0|Passed |Multi driven nets |
+------+------------------+-------+---------+-------+------------------+
---------------------------------------------------------------------------------
Start Renaming Generated Instances
---------------------------------------------------------------------------------
---------------------------------------------------------------------------------
Finished Renaming Generated Instances : Time (s): cpu = 00:00:25 ; elapsed = 00:00:31 . Memory (MB): peak = 779.449 ; gain = 522.496
---------------------------------------------------------------------------------

Report RTL Partitions: 
+-+--------------+------------+----------+
| |RTL Partition |Replication |Instances |
+-+--------------+------------+----------+
+-+--------------+------------+----------+
---------------------------------------------------------------------------------
Start Rebuilding User Hierarchy
---------------------------------------------------------------------------------
---------------------------------------------------------------------------------
Finished Rebuilding User Hierarchy : Time (s): cpu = 00:00:25 ; elapsed = 00:00:31 . Memory (MB): peak = 779.449 ; gain = 522.496
---------------------------------------------------------------------------------
---------------------------------------------------------------------------------
Start Renaming Generated Ports
---------------------------------------------------------------------------------
---------------------------------------------------------------------------------
Finished Renaming Generated Ports : Time (s): cpu = 00:00:26 ; elapsed = 00:00:31 . Memory (MB): peak = 779.449 ; gain = 522.496
---------------------------------------------------------------------------------
---------------------------------------------------------------------------------
Start Handling Custom Attributes
---------------------------------------------------------------------------------
---------------------------------------------------------------------------------
Finished Handling Custom Attributes : Time (s): cpu = 00:00:26 ; elapsed = 00:00:31 . Memory (MB): peak = 779.449 ; gain = 522.496
---------------------------------------------------------------------------------
---------------------------------------------------------------------------------
Start Renaming Generated Nets
---------------------------------------------------------------------------------
---------------------------------------------------------------------------------
Finished Renaming Generated Nets : Time (s): cpu = 00:00:26 ; elapsed = 00:00:31 . Memory (MB): peak = 779.449 ; gain = 522.496
---------------------------------------------------------------------------------
---------------------------------------------------------------------------------
Start Writing Synthesis Report
---------------------------------------------------------------------------------

Report BlackBoxes: 
+-+--------------+----------+
| |BlackBox name |Instances |
+-+--------------+----------+
+-+--------------+----------+

Report Cell Usage: 
+------+-------+------+
|      |Cell   |Count |
+------+-------+------+
|1     |BUFG   |     2|
|2     |CARRY4 |    30|
|3     |LUT1   |     7|
|4     |LUT2   |    37|
|5     |LUT3   |    59|
|6     |LUT4   |    55|
|7     |LUT5   |    59|
|8     |LUT6   |   121|
|9     |FDRE   |   243|
|10    |FDRE_1 |    31|
|11    |FDSE   |     4|
|12    |FDSE_1 |     1|
|13    |IBUF   |     5|
|14    |OBUF   |    37|
+------+-------+------+

Report Instance Areas: 
+------+-----------------+----------------+------+
|      |Instance         |Module          |Cells |
+------+-----------------+----------------+------+
|1     |top              |                |   691|
|2     |  convert        |Convert_mic_in  |    50|
|3     |  max_mic_read   |Convert_max_mic |    67|
|4     |  mic_capture    |Audio_Capture   |    72|
|5     |  mode_display1  |Seg7_display    |    32|
|6     |  mode_led1      |LED_blink       |    19|
|7     |  nolabel_line48 |clk20k          |    24|
|8     |  nolabel_line49 |clk6p25m        |     9|
|9     |  oled_display   |Oled_Display    |   292|
|10    |  pulse_reset    |reset           |    44|
|11    |    dff_one      |single_dff      |     2|
|12    |    dff_two      |single_dff_0    |     3|
|13    |    slowclk      |clk3hz          |    39|
+------+-----------------+----------------+------+
---------------------------------------------------------------------------------
Finished Writing Synthesis Report : Time (s): cpu = 00:00:26 ; elapsed = 00:00:31 . Memory (MB): peak = 779.449 ; gain = 522.496
---------------------------------------------------------------------------------
Synthesis finished with 0 errors, 0 critical warnings and 1 warnings.
Synthesis Optimization Runtime : Time (s): cpu = 00:00:17 ; elapsed = 00:00:23 . Memory (MB): peak = 779.449 ; gain = 184.762
Synthesis Optimization Complete : Time (s): cpu = 00:00:26 ; elapsed = 00:00:31 . Memory (MB): peak = 779.449 ; gain = 522.496
INFO: [Project 1-571] Translating synthesized netlist
INFO: [Netlist 29-17] Analyzing 67 Unisim elements for replacement
INFO: [Netlist 29-28] Unisim Transformation completed in 0 CPU seconds
INFO: [Project 1-570] Preparing netlist for logic optimization
INFO: [Opt 31-138] Pushed 0 inverter(s) to 0 load pin(s).
INFO: [Project 1-111] Unisim Transformation Summary:
  A total of 32 instances were transformed.
  FDRE_1 => FDRE (inverted pins: C): 31 instances
  FDSE_1 => FDSE (inverted pins: C): 1 instances

INFO: [Common 17-83] Releasing license: Synthesis
54 Infos, 20 Warnings, 0 Critical Warnings and 0 Errors encountered.
synth_design completed successfully
synth_design: Time (s): cpu = 00:00:28 ; elapsed = 00:00:33 . Memory (MB): peak = 779.449 ; gain = 535.641
WARNING: [Constraints 18-5210] No constraint will be written out.
INFO: [Common 17-1381] The checkpoint 'D:/EE2026---PROJECT/SoundDisplay.runs/synth_1/Top_Student.dcp' has been generated.
INFO: [runtcl-4] Executing : report_utilization -file Top_Student_utilization_synth.rpt -pb Top_Student_utilization_synth.pb
report_utilization: Time (s): cpu = 00:00:00 ; elapsed = 00:00:00.065 . Memory (MB): peak = 779.449 ; gain = 0.000
INFO: [Common 17-206] Exiting Vivado at Wed Mar 18 10:32:49 2020...
